<?xml version="1.0" encoding="UTF-8"?>
<!-- Generated by org.testng.reporters.JUnitReportReporter -->
<testsuite skipped="0" hostname="MTCHNLT-SRIKAN" name="testcases.TC_SFO35_CreateNewWorkType" tests="1" failures="0" timestamp="28 Nov 2020 11:24:19 GMT" time="50.507" errors="0">
  <testcase name="createNewWorkType" time="50.507" classname="testcases.TC_SFO35_CreateNewWorkType"/>
</testsuite> <!-- testcases.TC_SFO35_CreateNewWorkType -->
